<?xml version="1.0" encoding="UTF-8"?>
<testsuite xmlns:xsi="http://www.w3.org/2001/XMLSchema-instance" xsi:noNamespaceSchemaLocation="https://maven.apache.org/surefire/maven-surefire-plugin/xsd/surefire-test-report-3.0.xsd" version="3.0" name="com.springbootcicd.SpringBootCicdApplicationTests" time="3.588" tests="1" errors="0" skipped="0" failures="0">
  <properties>
[...]
</properties>
  <testcase name="contextLoads" classname="com.springbootcicd.SpringBootCicdApplicationTests" time="1.145">
    <system-out><![CDATA[16:14:21.287 [main] INFO org.springframework.test.context.support.AnnotationConfigContextLoaderUtils -- Could not detect default configuration classes for test class [com.springbootcicd.SpringBootCicdApplicationTests]: SpringBootCicdApplicationTests does not declare any static, non-private, non-final, nested classes annotated with @Configuration.
16:14:21.435 [main] INFO org.springframework.boot.test.context.SpringBootTestContextBootstrapper -- Found @SpringBootConfiguration com.springbootcicd.SpringBootCicdApplication for test class com.springbootcicd.SpringBootCicdApplicationTests

  .   ____          _            __ _ _
 /\\ / ___'_ __ _ _(_)_ __  __ _ \ \ \ \
( ( )\___ | '_ | '_| | '_ \/ _` | \ \ \ \
 \\/  ___)| |_)| | | | | || (_| |  ) ) ) )
  '  |____| .__|_| |_|_| |_\__, | / / / /
 =========|_|==============|___/=/_/_/_/
 :: Spring Boot ::                (v3.2.4)

2024-04-01T16:14:21.932+05:30  INFO 21552 --- [spring-boot-cicd] [           main] c.s.SpringBootCicdApplicationTests       : Starting SpringBootCicdApplicationTests using Java 17.0.7 with PID 21552 (started by ambujkumar in C:\Users\ambujkumar\OneDrive - Nagarro\Desktop\spring-boot-cicd\spring-boot-cicd)
2024-04-01T16:14:21.934+05:30  INFO 21552 --- [spring-boot-cicd] [           main] c.s.SpringBootCicdApplicationTests       : No active profile set, falling back to 1 default profile: "default"
2024-04-01T16:14:23.414+05:30  INFO 21552 --- [spring-boot-cicd] [           main] c.s.SpringBootCicdApplicationTests       : Started SpringBootCicdApplicationTests in 1.792 seconds (process running for 3.51)
]]></system-out>
  </testcase>
</testsuite>